
server-3 (err):     at require (internal/modules/cjs/helpers.js:20:18)
server-3 (err): TypeError: Cannot read property 'username' of null
server-3 (err):     at GameLogic.PlayerMetGoal (/srv/at-stake-v3/source/lib/GameLogic.js:490:75)
server-3 (err):     at Socket.player:met_goal (/srv/at-stake-v3/source/sockets/handlers/Common.js:164:21)
server-3 (err):     at Socket.emit (events.js:182:13)
server-3 (err):     at Socket.EventEmitter.emit (domain.js:442:20)
server-3 (err):     at /srv/at-stake-v3/source/node_modules/socket.io/lib/socket.js:528:12
server-3 (err):     at process._tickCallback (internal/process/next_tick.js:61:11)
server-3 (err): New Relic for Node.js was unable to bootstrap itself due to an error:
server-3 (err): TypeError: require.cache.hasOwnProperty is not a function
server-3 (err):     at Object.check (/srv/framework/source/node_modules/newrelic/lib/uninstrumented.js:74:24)
server-3 (err):     at Object.<anonymous> (/srv/framework/source/node_modules/newrelic/lib/agent.js:43:16)
server-3 (err):     at Module._compile (internal/modules/cjs/loader.js:689:30)
server-3 (err):     at Object.Module._extensions..js (internal/modules/cjs/loader.js:700:10)
server-3 (err):     at Module.load (internal/modules/cjs/loader.js:599:32)
server-3 (err):     at tryModuleLoad (internal/modules/cjs/loader.js:538:12)
server-3 (err):     at Function.Module._load (internal/modules/cjs/loader.js:530:3)
server-3 (err):     at Function._load (/usr/local/lib/node_modules/pm2/node_modules/pmx/lib/transaction.js:62:21)
server-3 (err):     at Module.require (internal/modules/cjs/loader.js:637:17)
server-3 (err):     at require (internal/modules/cjs/helpers.js:20:18)
server-3 (err): TypeError: Cannot read property 'username' of null
server-3 (err):     at GameLogic.PlayerCallVote (/srv/at-stake-v3/source/lib/GameLogic.js:508:38)
server-3 (err):     at Socket.player:callvote (/srv/at-stake-v3/source/sockets/handlers/Common.js:182:21)
server-3 (err):     at Socket.emit (events.js:182:13)
server-3 (err):     at Socket.EventEmitter.emit (domain.js:442:20)
server-3 (err):     at /srv/at-stake-v3/source/node_modules/socket.io/lib/socket.js:528:12
server-3 (err):     at process._tickCallback (internal/process/next_tick.js:61:11)
server-3 (err): New Relic for Node.js was unable to bootstrap itself due to an error:
server-3 (err): TypeError: require.cache.hasOwnProperty is not a function
server-3 (err):     at Object.check (/srv/framework/source/node_modules/newrelic/lib/uninstrumented.js:74:24)
server-3 (err):     at Object.<anonymous> (/srv/framework/source/node_modules/newrelic/lib/agent.js:43:16)
server-3 (err):     at Module._compile (internal/modules/cjs/loader.js:689:30)
server-3 (err):     at Object.Module._extensions..js (internal/modules/cjs/loader.js:700:10)
server-3 (err):     at Module.load (internal/modules/cjs/loader.js:599:32)
server-3 (err):     at tryModuleLoad (internal/modules/cjs/loader.js:538:12)
server-3 (err):     at Function.Module._load (internal/modules/cjs/loader.js:530:3)
server-3 (err):     at Function._load (/usr/local/lib/node_modules/pm2/node_modules/pmx/lib/transaction.js:62:21)
server-3 (err):     at Module.require (internal/modules/cjs/loader.js:637:17)
server-3 (err):     at require (internal/modules/cjs/helpers.js:20:18)
